<?xml version="1.0" encoding="UTF-8"?>
<testsuite xmlns:xsi="http://www.w3.org/2001/XMLSchema-instance" xsi:schemaLocation="https://maven.apache.org/surefire/maven-surefire-plugin/xsd/surefire-test-report.xsd" name="TestSuite" time="24.528" tests="2" errors="0" skipped="0" failures="1">
  <properties>
[...]
</properties>
  <testcase name="feature" classname="BDD.Cucumber.SecondRunner" time="10.163"/>
  <testcase name="feature" classname="BDD.Cucumber.FirstRunnerTest" time="23.829">
    <failure message="org.openqa.selenium.NoSuchWindowException: no such window: target window already closed&#10;from unknown error: web view not found&#10;  (Session info: chrome=56.0.2924.87)&#10;  (Driver info: chromedriver=2.25.426923 (0390b88869384d6eb0d5d09729679f934aab9eed),platform=Windows NT 6.1.7601 SP1 x86_64) (WARNING: The server did not provide any stacktrace information)&#10;Command duration or timeout: 11 milliseconds&#10;Build info: version: &apos;2.53.1&apos;, revision: &apos;a36b8b1&apos;, time: &apos;2016-06-30 17:37:03&apos;&#10;System info: host: &apos;FVTIII738F1D&apos;, ip: &apos;172.17.68.106&apos;, os.name: &apos;Windows 7&apos;, os.arch: &apos;amd64&apos;, os.version: &apos;6.1&apos;, java.version: &apos;1.8.0&apos;&#10;Driver info: org.openqa.selenium.chrome.ChromeDriver&#10;Capabilities [{applicationCacheEnabled=false, rotatable=false, mobileEmulationEnabled=false, networkConnectionEnabled=false, chrome={chromedriverVersion=2.25.426923 (0390b88869384d6eb0d5d09729679f934aab9eed), userDataDir=C:\Users\PRASHA~1.VEL\AppData\Local\Temp\scoped_dir2544_14635}, takesHeapSnapshot=true, pageLoadStrategy=normal, databaseEnabled=false, handlesAlerts=true, hasTouchScreen=false, version=56.0.2924.87, platform=XP, browserConnectionEnabled=false, nativeEvents=true, acceptSslCerts=true, locationContextEnabled=true, webStorageEnabled=true, browserName=chrome, takesScreenshot=true, javascriptEnabled=true, cssSelectorsEnabled=true}]&#10;Session ID: 0655cc6a0f51298eeaa4ba4ba3e5949e&#10;*** Element info: {Using=xpath, value=//h1[@title=&apos;Cucumber&apos;]}" type="cucumber.runtime.CucumberException">cucumber.runtime.CucumberException: 
org.openqa.selenium.NoSuchWindowException: no such window: target window already closed
from unknown error: web view not found
  (Session info: chrome=56.0.2924.87)
  (Driver info: chromedriver=2.25.426923 (0390b88869384d6eb0d5d09729679f934aab9eed),platform=Windows NT 6.1.7601 SP1 x86_64) (WARNING: The server did not provide any stacktrace information)
Command duration or timeout: 11 milliseconds
Build info: version: '2.53.1', revision: 'a36b8b1', time: '2016-06-30 17:37:03'
System info: host: 'FVTIII738F1D', ip: '172.17.68.106', os.name: 'Windows 7', os.arch: 'amd64', os.version: '6.1', java.version: '1.8.0'
Driver info: org.openqa.selenium.chrome.ChromeDriver
Capabilities [{applicationCacheEnabled=false, rotatable=false, mobileEmulationEnabled=false, networkConnectionEnabled=false, chrome={chromedriverVersion=2.25.426923 (0390b88869384d6eb0d5d09729679f934aab9eed), userDataDir=C:\Users\PRASHA~1.VEL\AppData\Local\Temp\scoped_dir2544_14635}, takesHeapSnapshot=true, pageLoadStrategy=normal, databaseEnabled=false, handlesAlerts=true, hasTouchScreen=false, version=56.0.2924.87, platform=XP, browserConnectionEnabled=false, nativeEvents=true, acceptSslCerts=true, locationContextEnabled=true, webStorageEnabled=true, browserName=chrome, takesScreenshot=true, javascriptEnabled=true, cssSelectorsEnabled=true}]
Session ID: 0655cc6a0f51298eeaa4ba4ba3e5949e
*** Element info: {Using=xpath, value=//h1[@title='Cucumber']}
Caused by: org.openqa.selenium.NoSuchWindowException: 
no such window: target window already closed
from unknown error: web view not found
  (Session info: chrome=56.0.2924.87)
  (Driver info: chromedriver=2.25.426923 (0390b88869384d6eb0d5d09729679f934aab9eed),platform=Windows NT 6.1.7601 SP1 x86_64) (WARNING: The server did not provide any stacktrace information)
Command duration or timeout: 11 milliseconds
Build info: version: '2.53.1', revision: 'a36b8b1', time: '2016-06-30 17:37:03'
System info: host: 'FVTIII738F1D', ip: '172.17.68.106', os.name: 'Windows 7', os.arch: 'amd64', os.version: '6.1', java.version: '1.8.0'
Driver info: org.openqa.selenium.chrome.ChromeDriver
Capabilities [{applicationCacheEnabled=false, rotatable=false, mobileEmulationEnabled=false, networkConnectionEnabled=false, chrome={chromedriverVersion=2.25.426923 (0390b88869384d6eb0d5d09729679f934aab9eed), userDataDir=C:\Users\PRASHA~1.VEL\AppData\Local\Temp\scoped_dir2544_14635}, takesHeapSnapshot=true, pageLoadStrategy=normal, databaseEnabled=false, handlesAlerts=true, hasTouchScreen=false, version=56.0.2924.87, platform=XP, browserConnectionEnabled=false, nativeEvents=true, acceptSslCerts=true, locationContextEnabled=true, webStorageEnabled=true, browserName=chrome, takesScreenshot=true, javascriptEnabled=true, cssSelectorsEnabled=true}]
Session ID: 0655cc6a0f51298eeaa4ba4ba3e5949e
*** Element info: {Using=xpath, value=//h1[@title='Cucumber']}
</failure>
    <system-out><![CDATA[
1 Scenarios (&amp#27;[32m1 passed&amp#27;[0m)
3 Steps (&amp#27;[32m3 passed&amp#27;[0m)
0m9.736s

ERROR [TestNG] (BeforeAfterHooks.java:31)- Scenario failed! Browser: chrome v:56.0.2924.87 XP Taking screenshot...
&amp#27;[31mFailure in after hook:&amp#27;[0m&amp#27;[31mBeforeAfterHooks.embedScreenshot(Scenario)&amp#27;[0m
&amp#27;[31mMessage: &amp#27;[0m&amp#27;[31morg.openqa.selenium.NoSuchWindowException: no such window: target window already closed
from unknown error: web view not found
  (Session info: chrome=56.0.2924.87)
  (Driver info: chromedriver=2.25.426923 (0390b88869384d6eb0d5d09729679f934aab9eed),platform=Windows NT 6.1.7601 SP1 x86_64) (WARNING: The server did not provide any stacktrace information)
Command duration or timeout: 7 milliseconds
Build info: version: '2.53.1', revision: 'a36b8b1', time: '2016-06-30 17:37:03'
System info: host: 'FVTIII738F1D', ip: '172.17.68.106', os.name: 'Windows 7', os.arch: 'amd64', os.version: '6.1', java.version: '1.8.0'
Driver info: org.openqa.selenium.chrome.ChromeDriver
Capabilities [{applicationCacheEnabled=false, rotatable=false, mobileEmulationEnabled=false, networkConnectionEnabled=false, chrome={chromedriverVersion=2.25.426923 (0390b88869384d6eb0d5d09729679f934aab9eed), userDataDir=C:\Users\PRASHA~1.VEL\AppData\Local\Temp\scoped_dir2544_14635}, takesHeapSnapshot=true, pageLoadStrategy=normal, databaseEnabled=false, handlesAlerts=true, hasTouchScreen=false, version=56.0.2924.87, platform=XP, browserConnectionEnabled=false, nativeEvents=true, acceptSslCerts=true, locationContextEnabled=true, webStorageEnabled=true, browserName=chrome, takesScreenshot=true, javascriptEnabled=true, cssSelectorsEnabled=true}]
Session ID: 0655cc6a0f51298eeaa4ba4ba3e5949e
	at sun.reflect.NativeConstructorAccessorImpl.newInstance0(Native Method)
	at sun.reflect.NativeConstructorAccessorImpl.newInstance(NativeConstructorAccessorImpl.java:62)
	at sun.reflect.DelegatingConstructorAccessorImpl.newInstance(DelegatingConstructorAccessorImpl.java:45)
	at java.lang.reflect.Constructor.newInstance(Constructor.java:408)
	at org.openqa.selenium.remote.ErrorHandler.createThrowable(ErrorHandler.java:206)
	at org.openqa.selenium.remote.ErrorHandler.throwIfResponseFailed(ErrorHandler.java:158)
	at org.openqa.selenium.remote.RemoteWebDriver.execute(RemoteWebDriver.java:678)
	at org.openqa.selenium.remote.RemoteWebDriver.execute(RemoteWebDriver.java:701)
	at org.openqa.selenium.remote.RemoteWebDriver.getCurrentUrl(RemoteWebDriver.java:326)
	at BDD.Cucumber.Core.BeforeAfterHooks.embedScreenshot(BeforeAfterHooks.java:32)
	at sun.reflect.NativeMethodAccessorImpl.invoke0(Native Method)
	at sun.reflect.NativeMethodAccessorImpl.invoke(NativeMethodAccessorImpl.java:62)
	at sun.reflect.DelegatingMethodAccessorImpl.invoke(DelegatingMethodAccessorImpl.java:43)
	at java.lang.reflect.Method.invoke(Method.java:483)
	at cucumber.runtime.Utils$1.call(Utils.java:37)
	at cucumber.runtime.Timeout.timeout(Timeout.java:13)
	at cucumber.runtime.Utils.invoke(Utils.java:31)
	at cucumber.runtime.java.JavaHookDefinition.execute(JavaHookDefinition.java:60)
	at cucumber.runtime.Runtime.runHookIfTagsMatch(Runtime.java:223)
	at cucumber.runtime.Runtime.runHooks(Runtime.java:211)
	at cucumber.runtime.Runtime.runAfterHooks(Runtime.java:205)
	at cucumber.runtime.model.CucumberScenario.run(CucumberScenario.java:46)
	at cucumber.runtime.model.CucumberFeature.run(CucumberFeature.java:165)
	at cucumber.api.testng.TestNGCucumberRunner.runCucumber(TestNGCucumberRunner.java:63)
	at cucumber.api.testng.AbstractTestNGCucumberTests.feature(AbstractTestNGCucumberTests.java:21)
	at sun.reflect.NativeMethodAccessorImpl.invoke0(Native Method)
	at sun.reflect.NativeMethodAccessorImpl.invoke(NativeMethodAccessorImpl.java:62)
	at sun.reflect.DelegatingMethodAccessorImpl.invoke(DelegatingMethodAccessorImpl.java:43)
	at java.lang.reflect.Method.invoke(Method.java:483)
	at org.testng.internal.MethodInvocationHelper.invokeMethod(MethodInvocationHelper.java:85)
	at org.testng.internal.Invoker.invokeMethod(Invoker.java:639)
	at org.testng.internal.Invoker.invokeTestMethod(Invoker.java:816)
	at org.testng.internal.Invoker.invokeTestMethods(Invoker.java:1124)
	at org.testng.internal.TestMethodWorker.invokeTestMethods(TestMethodWorker.java:125)
	at org.testng.internal.TestMethodWorker.run(TestMethodWorker.java:108)
	at org.testng.TestRunner.privateRun(TestRunner.java:774)
	at org.testng.TestRunner.run(TestRunner.java:624)
	at org.testng.SuiteRunner.runTest(SuiteRunner.java:359)
	at org.testng.SuiteRunner.access$000(SuiteRunner.java:39)
	at org.testng.SuiteRunner$SuiteWorker.run(SuiteRunner.java:393)
	at org.testng.internal.thread.ThreadUtil$2.call(ThreadUtil.java:64)
	at java.util.concurrent.FutureTask.run(FutureTask.java:266)
	at java.util.concurrent.ThreadPoolExecutor.runWorker(ThreadPoolExecutor.java:1142)
	at java.util.concurrent.ThreadPoolExecutor$Worker.run(ThreadPoolExecutor.java:617)
	at java.lang.Thread.run(Thread.java:744)
&amp#27;[0m
      &amp#27;[31morg.openqa.selenium.NoSuchWindowException: no such window: target window already closed
      from unknown error: web view not found
        (Session info: chrome=56.0.2924.87)
        (Driver info: chromedriver=2.25.426923 (0390b88869384d6eb0d5d09729679f934aab9eed),platform=Windows NT 6.1.7601 SP1 x86_64) (WARNING: The server did not provide any stacktrace information)
      Command duration or timeout: 7 milliseconds
      Build info: version: '2.53.1', revision: 'a36b8b1', time: '2016-06-30 17:37:03'
      System info: host: 'FVTIII738F1D', ip: '172.17.68.106', os.name: 'Windows 7', os.arch: 'amd64', os.version: '6.1', java.version: '1.8.0'
      Driver info: org.openqa.selenium.chrome.ChromeDriver
      Capabilities [{applicationCacheEnabled=false, rotatable=false, mobileEmulationEnabled=false, networkConnectionEnabled=false, chrome={chromedriverVersion=2.25.426923 (0390b88869384d6eb0d5d09729679f934aab9eed), userDataDir=C:\Users\PRASHA~1.VEL\AppData\Local\Temp\scoped_dir2544_14635}, takesHeapSnapshot=true, pageLoadStrategy=normal, databaseEnabled=false, handlesAlerts=true, hasTouchScreen=false, version=56.0.2924.87, platform=XP, browserConnectionEnabled=false, nativeEvents=true, acceptSslCerts=true, locationContextEnabled=true, webStorageEnabled=true, browserName=chrome, takesScreenshot=true, javascriptEnabled=true, cssSelectorsEnabled=true}]
      Session ID: 0655cc6a0f51298eeaa4ba4ba3e5949e
      	at sun.reflect.NativeConstructorAccessorImpl.newInstance0(Native Method)
      	at sun.reflect.NativeConstructorAccessorImpl.newInstance(NativeConstructorAccessorImpl.java:62)
      	at sun.reflect.DelegatingConstructorAccessorImpl.newInstance(DelegatingConstructorAccessorImpl.java:45)
      	at java.lang.reflect.Constructor.newInstance(Constructor.java:408)
      	at org.openqa.selenium.remote.ErrorHandler.createThrowable(ErrorHandler.java:206)
      	at org.openqa.selenium.remote.ErrorHandler.throwIfResponseFailed(ErrorHandler.java:158)
      	at org.openqa.selenium.remote.RemoteWebDriver.execute(RemoteWebDriver.java:678)
      	at org.openqa.selenium.remote.RemoteWebDriver.execute(RemoteWebDriver.java:701)
      	at org.openqa.selenium.remote.RemoteWebDriver.getCurrentUrl(RemoteWebDriver.java:326)
      	at BDD.Cucumber.Core.BeforeAfterHooks.embedScreenshot(BeforeAfterHooks.java:32)
      	at sun.reflect.NativeMethodAccessorImpl.invoke0(Native Method)
      	at sun.reflect.NativeMethodAccessorImpl.invoke(NativeMethodAccessorImpl.java:62)
      	at sun.reflect.DelegatingMethodAccessorImpl.invoke(DelegatingMethodAccessorImpl.java:43)
      	at java.lang.reflect.Method.invoke(Method.java:483)
      	at cucumber.runtime.Utils$1.call(Utils.java:37)
      	at cucumber.runtime.Timeout.timeout(Timeout.java:13)
      	at cucumber.runtime.Utils.invoke(Utils.java:31)
      	at cucumber.runtime.java.JavaHookDefinition.execute(JavaHookDefinition.java:60)
      	at cucumber.runtime.Runtime.runHookIfTagsMatch(Runtime.java:223)
      	at cucumber.runtime.Runtime.runHooks(Runtime.java:211)
      	at cucumber.runtime.Runtime.runAfterHooks(Runtime.java:205)
      	at cucumber.runtime.model.CucumberScenario.run(CucumberScenario.java:46)
      	at cucumber.runtime.model.CucumberFeature.run(CucumberFeature.java:165)
      	at cucumber.api.testng.TestNGCucumberRunner.runCucumber(TestNGCucumberRunner.java:63)
      	at cucumber.api.testng.AbstractTestNGCucumberTests.feature(AbstractTestNGCucumberTests.java:21)
      	at sun.reflect.NativeMethodAccessorImpl.invoke0(Native Method)
      	at sun.reflect.NativeMethodAccessorImpl.invoke(NativeMethodAccessorImpl.java:62)
      	at sun.reflect.DelegatingMethodAccessorImpl.invoke(DelegatingMethodAccessorImpl.java:43)
      	at java.lang.reflect.Method.invoke(Method.java:483)
      	at org.testng.internal.MethodInvocationHelper.invokeMethod(MethodInvocationHelper.java:85)
      	at org.testng.internal.Invoker.invokeMethod(Invoker.java:639)
      	at org.testng.internal.Invoker.invokeTestMethod(Invoker.java:816)
      	at org.testng.internal.Invoker.invokeTestMethods(Invoker.java:1124)
      	at org.testng.internal.TestMethodWorker.invokeTestMethods(TestMethodWorker.java:125)
      	at org.testng.internal.TestMethodWorker.run(TestMethodWorker.java:108)
      	at org.testng.TestRunner.privateRun(TestRunner.java:774)
      	at org.testng.TestRunner.run(TestRunner.java:624)
      	at org.testng.SuiteRunner.runTest(SuiteRunner.java:359)
      	at org.testng.SuiteRunner.access$000(SuiteRunner.java:39)
      	at org.testng.SuiteRunner$SuiteWorker.run(SuiteRunner.java:393)
      	at org.testng.internal.thread.ThreadUtil$2.call(ThreadUtil.java:64)
      	at java.util.concurrent.FutureTask.run(FutureTask.java:266)
      	at java.util.concurrent.ThreadPoolExecutor.runWorker(ThreadPoolExecutor.java:1142)
      	at java.util.concurrent.ThreadPoolExecutor$Worker.run(ThreadPoolExecutor.java:617)
      	at java.lang.Thread.run(Thread.java:744)
      &amp#27;[0m

  Scenario: Go to cukes.info         &amp#27;[90m# FeaureFiles/First.feature:7&amp#27;[0m
    &amp#27;[32mGiven &amp#27;[0m&amp#27;[32mI am on &amp#27;[0m&amp#27;[32m&amp#27;[1mhttp://cukes.info/&amp#27;[0m &amp#27;[90m# Feature1And2Stepdefs.givenIAmOn(String)&amp#27;[0m
    &amp#27;[31mWhen &amp#27;[0m&amp#27;[31mI search for element &amp#27;[0m&amp#27;[31m&amp#27;[1mheader&amp#27;[0m &amp#27;[90m# Feature1And2Stepdefs.whenISearchForElement(String)&amp#27;[0m
      &amp#27;[31morg.openqa.selenium.NoSuchWindowException: no such window: target window already closed
      from unknown error: web view not found
        (Session info: chrome=56.0.2924.87)
        (Driver info: chromedriver=2.25.426923 (0390b88869384d6eb0d5d09729679f934aab9eed),platform=Windows NT 6.1.7601 SP1 x86_64) (WARNING: The server did not provide any stacktrace information)
      Command duration or timeout: 11 milliseconds
      Build info: version: '2.53.1', revision: 'a36b8b1', time: '2016-06-30 17:37:03'
      System info: host: 'FVTIII738F1D', ip: '172.17.68.106', os.name: 'Windows 7', os.arch: 'amd64', os.version: '6.1', java.version: '1.8.0'
      Driver info: org.openqa.selenium.chrome.ChromeDriver
      Capabilities [{applicationCacheEnabled=false, rotatable=false, mobileEmulationEnabled=false, networkConnectionEnabled=false, chrome={chromedriverVersion=2.25.426923 (0390b88869384d6eb0d5d09729679f934aab9eed), userDataDir=C:\Users\PRASHA~1.VEL\AppData\Local\Temp\scoped_dir2544_14635}, takesHeapSnapshot=true, pageLoadStrategy=normal, databaseEnabled=false, handlesAlerts=true, hasTouchScreen=false, version=56.0.2924.87, platform=XP, browserConnectionEnabled=false, nativeEvents=true, acceptSslCerts=true, locationContextEnabled=true, webStorageEnabled=true, browserName=chrome, takesScreenshot=true, javascriptEnabled=true, cssSelectorsEnabled=true}]
      Session ID: 0655cc6a0f51298eeaa4ba4ba3e5949e
      *** Element info: {Using=xpath, value=//h1[@title='Cucumber']}
      	at sun.reflect.NativeConstructorAccessorImpl.newInstance0(Native Method)
      	at sun.reflect.NativeConstructorAccessorImpl.newInstance(NativeConstructorAccessorImpl.java:62)
      	at sun.reflect.DelegatingConstructorAccessorImpl.newInstance(DelegatingConstructorAccessorImpl.java:45)
      	at java.lang.reflect.Constructor.newInstance(Constructor.java:408)
      	at org.openqa.selenium.remote.ErrorHandler.createThrowable(ErrorHandler.java:206)
      	at org.openqa.selenium.remote.ErrorHandler.throwIfResponseFailed(ErrorHandler.java:158)
      	at org.openqa.selenium.remote.RemoteWebDriver.execute(RemoteWebDriver.java:678)
      	at org.openqa.selenium.remote.RemoteWebDriver.findElement(RemoteWebDriver.java:363)
      	at org.openqa.selenium.remote.RemoteWebDriver.findElementByXPath(RemoteWebDriver.java:500)
      	at org.openqa.selenium.By$ByXPath.findElement(By.java:361)
      	at org.openqa.selenium.remote.RemoteWebDriver.findElement(RemoteWebDriver.java:355)
      	at BDD.Cucumber.StepDefinations.Feature1And2Stepdefs.whenISearchForElement(Feature1And2Stepdefs.java:36)
      	at ?.When I search for element header(FeaureFiles/First.feature:9)
      &amp#27;[0m
    &amp#27;[36mThen &amp#27;[0m&amp#27;[36mI should see this element&amp#27;[0m   &amp#27;[90m# Feature1And2Stepdefs.thenIShouldSeeThisElement()&amp#27;[0m
]]></system-out>
  </testcase>
</testsuite>