<?xml version="1.0" encoding="UTF-8"?>
<testng-results skipped="0" failed="0" total="1" passed="1">
  <reporter-output>
  </reporter-output>
  <suite name="Default suite" duration-ms="15529" started-at="2017-03-21T10:13:41Z" finished-at="2017-03-21T10:13:56Z">
    <groups>
      <group name="cucumber">
        <method signature="AbstractTestNGCucumberTests.feature(cucumber.api.testng.CucumberFeatureWrapper)[pri:0, instance:BDD.Cucumber.FirstRunnerTest@617faa95]" name="feature" class="cucumber.api.testng.AbstractTestNGCucumberTests"/>
      </group> <!-- cucumber -->
    </groups>
    <test name="Default test" duration-ms="15529" started-at="2017-03-21T10:13:41Z" finished-at="2017-03-21T10:13:56Z">
      <class name="BDD.Cucumber.FirstRunnerTest">
        <test-method status="PASS" signature="setUpClass()[pri:0, instance:BDD.Cucumber.FirstRunnerTest@617faa95]" name="setUpClass" is-config="true" duration-ms="220" started-at="2017-03-21T15:43:41Z" finished-at="2017-03-21T15:43:41Z">
          <reporter-output>
          </reporter-output>
        </test-method> <!-- setUpClass -->
        <test-method status="PASS" signature="feature(cucumber.api.testng.CucumberFeatureWrapper)[pri:0, instance:BDD.Cucumber.FirstRunnerTest@617faa95]" name="feature" duration-ms="15228" started-at="2017-03-21T15:43:41Z" description="Runs Cucumber Feature" data-provider="features" finished-at="2017-03-21T15:43:56Z">
          <params>
            <param index="0">
              <value>
                <![CDATA[this is the first feature name]]>
              </value>
            </param>
          </params>
          <reporter-output>
          </reporter-output>
        </test-method> <!-- feature -->
        <test-method status="PASS" signature="tearDownClass()[pri:0, instance:BDD.Cucumber.FirstRunnerTest@617faa95]" name="tearDownClass" is-config="true" duration-ms="11" started-at="2017-03-21T15:43:56Z" finished-at="2017-03-21T15:43:56Z">
          <reporter-output>
          </reporter-output>
        </test-method> <!-- tearDownClass -->
      </class> <!-- BDD.Cucumber.FirstRunnerTest -->
    </test> <!-- Default test -->
  </suite> <!-- Default suite -->
</testng-results>
